<?xml version="1.0" encoding="UTF-8"?>
<!-- Generated by org.testng.reporters.JUnitXMLReporter -->
<testsuite ignored="0" hostname="DESKTOP-HSAPT3H" failures="0" tests="4" name="FinalStableTest" time="79.75" errors="0" timestamp="2026-04-30T20:38:00 IST">
  <testcase classname="com.qualityhr.tests.LoginTest" name="testValidLogin" time="2.463"/>
  <testcase classname="com.qualityhr.tests.LeaveTest" name="testFinalStableLeaveFlow" time="16.345"/>
  <testcase classname="com.qualityhr.tests.EmployeeTest" name="testAddEmployeeWithFullDetails" time="15.11"/>
  <testcase classname="com.qualityhr.tests.AdminTest" name="testAdminUserRoleCreation" time="10.53"/>
</testsuite> <!-- FinalStableTest -->
