<?xml version="1.0" encoding="UTF-8"?>
<testng-results ignored="0" total="4" passed="4" failed="0" skipped="0">
  <reporter-output>
  </reporter-output>
  <suite started-at="2026-04-30T20:36:40 IST" name="QualityHR Suite" finished-at="2026-04-30T20:37:59 IST" duration-ms="79750">
    <groups>
    </groups>
    <test started-at="2026-04-30T20:36:40 IST" name="FinalStableTest" finished-at="2026-04-30T20:37:59 IST" duration-ms="79750">
      <class name="com.qualityhr.tests.LoginTest">
        <test-method is-config="true" signature="setUp()[pri:0, instance:com.qualityhr.tests.LoginTest@536dbea0]" started-at="2026-04-30T20:36:40 IST" name="setUp" finished-at="2026-04-30T20:37:00 IST" duration-ms="19790" status="PASS">
          <reporter-output>
          </reporter-output>
        </test-method> <!-- setUp -->
        <test-method signature="testValidLogin()[pri:1, instance:com.qualityhr.tests.LoginTest@536dbea0]" started-at="2026-04-30T20:37:00 IST" name="testValidLogin" finished-at="2026-04-30T20:37:02 IST" duration-ms="2463" status="PASS">
          <reporter-output>
          </reporter-output>
        </test-method> <!-- testValidLogin -->
        <test-method is-config="true" signature="tearDown()[pri:0, instance:com.qualityhr.tests.LoginTest@536dbea0]" started-at="2026-04-30T20:37:02 IST" name="tearDown" finished-at="2026-04-30T20:37:03 IST" duration-ms="801" status="PASS">
          <reporter-output>
          </reporter-output>
        </test-method> <!-- tearDown -->
      </class> <!-- com.qualityhr.tests.LoginTest -->
      <class name="com.qualityhr.tests.EmployeeTest">
        <test-method is-config="true" signature="setUp()[pri:0, instance:com.qualityhr.tests.EmployeeTest@2dc9b0f5]" started-at="2026-04-30T20:37:23 IST" name="setUp" finished-at="2026-04-30T20:37:25 IST" duration-ms="2282" status="PASS">
          <reporter-output>
          </reporter-output>
        </test-method> <!-- setUp -->
        <test-method signature="testAddEmployeeWithFullDetails()[pri:0, instance:com.qualityhr.tests.EmployeeTest@2dc9b0f5]" started-at="2026-04-30T20:37:25 IST" name="testAddEmployeeWithFullDetails" finished-at="2026-04-30T20:37:40 IST" duration-ms="15110" status="PASS">
          <reporter-output>
          </reporter-output>
        </test-method> <!-- testAddEmployeeWithFullDetails -->
        <test-method is-config="true" signature="tearDown()[pri:0, instance:com.qualityhr.tests.EmployeeTest@2dc9b0f5]" started-at="2026-04-30T20:37:40 IST" name="tearDown" finished-at="2026-04-30T20:37:42 IST" duration-ms="2351" status="PASS">
          <reporter-output>
          </reporter-output>
        </test-method> <!-- tearDown -->
      </class> <!-- com.qualityhr.tests.EmployeeTest -->
      <class name="com.qualityhr.tests.LeaveTest">
        <test-method is-config="true" signature="setUp()[pri:0, instance:com.qualityhr.tests.LeaveTest@4bc222e]" started-at="2026-04-30T20:37:03 IST" name="setUp" finished-at="2026-04-30T20:37:05 IST" duration-ms="2464" status="PASS">
          <reporter-output>
          </reporter-output>
        </test-method> <!-- setUp -->
        <test-method signature="testFinalStableLeaveFlow()[pri:0, instance:com.qualityhr.tests.LeaveTest@4bc222e]" started-at="2026-04-30T20:37:05 IST" name="testFinalStableLeaveFlow" finished-at="2026-04-30T20:37:22 IST" duration-ms="16345" status="PASS">
          <reporter-output>
          </reporter-output>
        </test-method> <!-- testFinalStableLeaveFlow -->
        <test-method is-config="true" signature="tearDown()[pri:0, instance:com.qualityhr.tests.LeaveTest@4bc222e]" started-at="2026-04-30T20:37:22 IST" name="tearDown" finished-at="2026-04-30T20:37:23 IST" duration-ms="983" status="PASS">
          <reporter-output>
          </reporter-output>
        </test-method> <!-- tearDown -->
      </class> <!-- com.qualityhr.tests.LeaveTest -->
      <class name="com.qualityhr.tests.AdminTest">
        <test-method is-config="true" signature="setUp()[pri:0, instance:com.qualityhr.tests.AdminTest@6531a794]" started-at="2026-04-30T20:37:42 IST" name="setUp" finished-at="2026-04-30T20:37:49 IST" duration-ms="6154" status="PASS">
          <reporter-output>
          </reporter-output>
        </test-method> <!-- setUp -->
        <test-method signature="testAdminUserRoleCreation()[pri:0, instance:com.qualityhr.tests.AdminTest@6531a794]" started-at="2026-04-30T20:37:49 IST" name="testAdminUserRoleCreation" finished-at="2026-04-30T20:37:59 IST" duration-ms="10530" status="PASS">
          <reporter-output>
          </reporter-output>
        </test-method> <!-- testAdminUserRoleCreation -->
        <test-method is-config="true" signature="tearDown()[pri:0, instance:com.qualityhr.tests.AdminTest@6531a794]" started-at="2026-04-30T20:37:59 IST" name="tearDown" finished-at="2026-04-30T20:37:59 IST" duration-ms="300" status="PASS">
          <reporter-output>
          </reporter-output>
        </test-method> <!-- tearDown -->
      </class> <!-- com.qualityhr.tests.AdminTest -->
    </test> <!-- FinalStableTest -->
  </suite> <!-- QualityHR Suite -->
</testng-results>
