<?xml version="1.0" encoding="UTF-8"?>
<!-- Generated by org.testng.reporters.JUnitXMLReporter -->
<testsuite ignored="0" hostname="Chinnu" failures="1" tests="5" name="HRM Functional Tests" time="92.342" errors="0" timestamp="2026-04-14T15:09:20 IST">
  <testcase classname="com.qualityhr.tests.LoginTest" name="testAuth" time="2.34"/>
  <testcase classname="com.qualityhr.tests.LoginTest" name="testAuth" time="3.091"/>
  <testcase classname="com.qualityhr.tests.EmployeeTest" name="testAddEmployeeWithFullDetails" time="9.503"/>
  <testcase classname="com.qualityhr.tests.LeaveTest" name="testComplexLeaveApplication" time="10.572">
    <failure type="org.openqa.selenium.ElementClickInterceptedException" message="element click intercepted: Element &amp;lt;div data-v-67d2aedf=&amp;quot;&amp;quot; class=&amp;quot;oxd-select-text-input&amp;quot; tabindex=&amp;quot;0&amp;quot;&amp;gt;...&amp;lt;/div&amp;gt; is not clickable at point (521, 263). Other element would receive the click: &amp;lt;div data-v-d5bfe35b=&amp;quot;&amp;quot; class=&amp;quot;oxd-form-loader&amp;quot;&amp;gt;...&amp;lt;/div&amp;gt;
  (Session info: chrome=146.0.7680.178)
Build info: version: &amp;apos;4.18.1&amp;apos;, revision: &amp;apos;b1d3319b48&amp;apos;
System info: os.name: &amp;apos;Windows 11&amp;apos;, os.arch: &amp;apos;amd64&amp;apos;, os.version: &amp;apos;10.0&amp;apos;, java.version: &amp;apos;21.0.10&amp;apos;
Driver info: org.openqa.selenium.chrome.ChromeDriver
Command: [c15529d80c37cfe6111b890a06bbd68e, clickElement {id=f.15F14D8B93C5D019DAFC6E6904DDC3AD.d.EEAFD466BD73B227326A50FF54712CA2.e.88}]
Capabilities {acceptInsecureCerts: false, browserName: chrome, browserVersion: 146.0.7680.178, chrome: {chromedriverVersion: 146.0.7680.165 (4b989da09e1..., userDataDir: C:\Users\DELL\AppData\Local...}, fedcm:accounts: true, goog:chromeOptions: {debuggerAddress: localhost:62807}, goog:processID: 34864, networkConnectionEnabled: false, pageLoadStrategy: normal, platformName: windows, proxy: Proxy(), se:cdp: ws://localhost:62807/devtoo..., se:cdpVersion: 146.0.7680.178, setWindowRect: true, strictFileInteractability: false, timeouts: {implicit: 0, pageLoad: 300000, script: 30000}, unhandledPromptBehavior: dismiss and notify, webauthn:extension:credBlob: true, webauthn:extension:largeBlob: true, webauthn:extension:minPinLength: true, webauthn:extension:prf: true, webauthn:virtualAuthenticators: true}
Element: [[ChromeDriver: chrome on windows (c15529d80c37cfe6111b890a06bbd68e)] -&amp;gt; xpath: //div[@class=&amp;apos;oxd-select-text-input&amp;apos;]]
Session ID: c15529d80c37cfe6111b890a06bbd68e">
      <![CDATA[org.openqa.selenium.ElementClickInterceptedException: element click intercepted: Element <div data-v-67d2aedf="" class="oxd-select-text-input" tabindex="0">...</div> is not clickable at point (521, 263). Other element would receive the click: <div data-v-d5bfe35b="" class="oxd-form-loader">...</div>
  (Session info: chrome=146.0.7680.178)
Build info: version: '4.18.1', revision: 'b1d3319b48'
System info: os.name: 'Windows 11', os.arch: 'amd64', os.version: '10.0', java.version: '21.0.10'
Driver info: org.openqa.selenium.chrome.ChromeDriver
Command: [c15529d80c37cfe6111b890a06bbd68e, clickElement {id=f.15F14D8B93C5D019DAFC6E6904DDC3AD.d.EEAFD466BD73B227326A50FF54712CA2.e.88}]
Capabilities {acceptInsecureCerts: false, browserName: chrome, browserVersion: 146.0.7680.178, chrome: {chromedriverVersion: 146.0.7680.165 (4b989da09e1..., userDataDir: C:\Users\DELL\AppData\Local...}, fedcm:accounts: true, goog:chromeOptions: {debuggerAddress: localhost:62807}, goog:processID: 34864, networkConnectionEnabled: false, pageLoadStrategy: normal, platformName: windows, proxy: Proxy(), se:cdp: ws://localhost:62807/devtoo..., se:cdpVersion: 146.0.7680.178, setWindowRect: true, strictFileInteractability: false, timeouts: {implicit: 0, pageLoad: 300000, script: 30000}, unhandledPromptBehavior: dismiss and notify, webauthn:extension:credBlob: true, webauthn:extension:largeBlob: true, webauthn:extension:minPinLength: true, webauthn:extension:prf: true, webauthn:virtualAuthenticators: true}
Element: [[ChromeDriver: chrome on windows (c15529d80c37cfe6111b890a06bbd68e)] -> xpath: //div[@class='oxd-select-text-input']]
Session ID: c15529d80c37cfe6111b890a06bbd68e
at org.openqa.selenium.remote.ErrorCodec.decode(ErrorCodec.java:167)
at org.openqa.selenium.remote.codec.w3c.W3CHttpResponseCodec.decode(W3CHttpResponseCodec.java:138)
at org.openqa.selenium.remote.codec.w3c.W3CHttpResponseCodec.decode(W3CHttpResponseCodec.java:50)
at org.openqa.selenium.remote.HttpCommandExecutor.execute(HttpCommandExecutor.java:190)
at org.openqa.selenium.remote.service.DriverCommandExecutor.invokeExecute(DriverCommandExecutor.java:216)
at org.openqa.selenium.remote.service.DriverCommandExecutor.execute(DriverCommandExecutor.java:174)
at org.openqa.selenium.remote.RemoteWebDriver.execute(RemoteWebDriver.java:519)
at org.openqa.selenium.remote.RemoteWebElement.execute(RemoteWebElement.java:223)
at org.openqa.selenium.remote.RemoteWebElement.click(RemoteWebElement.java:76)
at com.qualityhr.base.BasePage.click(BasePage.java:24)
at com.qualityhr.pages.LeavePage.applyLeaveWithFullDetails(LeavePage.java:41)
at com.qualityhr.tests.LeaveTest.testComplexLeaveApplication(LeaveTest.java:22)
at java.base/java.util.ArrayList.forEach(ArrayList.java:1596)
... Removed 28 stack frames]]>
    </failure>
  </testcase> <!-- testComplexLeaveApplication -->
  <testcase classname="com.qualityhr.tests.AdminTest" name="testAdminUserRoleCreation" time="30.799"/>
</testsuite> <!-- HRM Functional Tests -->
